2025-04-21 16:21:55,727 - INFO - Автосохранение данных выполнено.
2025-04-21 16:22:00,461 - INFO - Автосохранение данных выполнено.
2025-04-21 16:22:27,232 - INFO - Пользователь вошёл: 1
2025-04-21 16:22:34,066 - INFO - Автосохранение данных выполнено.
2025-04-21 16:27:02,950 - INFO - Пользователь вошёл: 1
2025-04-21 17:24:49,870 - INFO - Пользователь вошёл: 1
2025-04-21 17:25:19,067 - ERROR - Недостаточно слов для создания опций викторины.
2025-04-21 18:05:14,409 - INFO - Пользователь вошёл: 1
2025-04-21 18:06:13,132 - ERROR - Недостаточно слов для создания опций викторины.
2025-04-21 18:14:51,886 - INFO - Пользователь вошёл: 1
2025-04-21 18:33:06,041 - INFO - Пользователь вошёл: 1
2025-04-21 18:47:04,243 - INFO - Пользователь вошёл: 1
2025-04-21 18:54:03,384 - INFO - Пользователь вошёл: 1
2025-04-21 18:57:27,377 - INFO - Новый пользователь зарегистрирован: 2
2025-04-21 18:57:35,339 - INFO - Пользователь вошёл: 2
2025-04-21 19:19:21,955 - INFO - Пользователь вошёл: 2
2025-04-21 19:40:49,280 - WARNING - Ошибка авторизации: 2
2025-04-21 19:40:54,982 - WARNING - Ошибка авторизации: 2
2025-04-21 19:41:04,267 - WARNING - Ошибка авторизации: 1
2025-04-21 19:41:20,968 - WARNING - Ошибка авторизации: 1
2025-04-21 19:41:40,185 - INFO - Новый пользователь зарегистрирован: 11
2025-04-21 19:41:50,467 - INFO - Пользователь вошёл: 11
2025-04-21 19:43:24,524 - INFO - Пользователь вошёл: 2
2025-04-21 19:44:21,739 - INFO - Пользователь вошёл: 1
2025-04-21 19:55:41,707 - INFO - Пользователь вошёл: 2
2025-04-21 21:14:11,296 - INFO - Пользователь вошёл: 2
